#
# A fatal error has been detected by the Java Runtime Environment:
#
#  EXCEPTION_ACCESS_VIOLATION (0xc0000005) at pc=0x00007ffb79e4677d, pid=28052, tid=14504
#
# JRE version: OpenJDK Runtime Environment Corretto-17.0.13.11.1 (17.0.13+11) (build 17.0.13+11-LTS)
# Java VM: OpenJDK 64-Bit Server VM Corretto-17.0.13.11.1 (17.0.13+11-LTS, mixed mode, sharing, tiered, compressed oops, compressed class ptrs, g1 gc, windows-amd64)
# Problematic frame:
# C  [atio6axx.dll+0x1f1677d]
#
# No core dump will be written. Minidumps are not enabled by default on client versions of Windows
#
# If you would like to submit a bug report, please visit:
#   https://github.com/corretto/corretto-17/issues/
# The crash happened outside the Java Virtual Machine in native code.
# See problematic frame for where to report the bug.
#

---------------  S U M M A R Y ------------

Command Line: -Dfile.encoding=UTF-8 -Duser.country=KR -Duser.language=ko -Duser.variant dev.sinoka.Main

Host: AMD Ryzen 7 8845HS w/ Radeon 780M Graphics, 16 cores, 15G,  Windows 11 , 64 bit Build 26100 (10.0.26100.2454)
Time: Sun Jan 12 02:23:46 2025  Windows 11 , 64 bit Build 26100 (10.0.26100.2454) elapsed time: 0.480446 seconds (0d 0h 0m 0s)

---------------  T H R E A D  ---------------

Current thread (0x0000022feb13c2a0):  JavaThread "main" [_thread_in_native, id=14504, stack(0x000000f039d00000,0x000000f039e00000)]

Stack: [0x000000f039d00000,0x000000f039e00000],  sp=0x000000f039dff028,  free space=1020k
Native frames: (J=compiled Java code, j=interpreted, Vv=VM code, C=native code)
C  [atio6axx.dll+0x1f1677d]

Java frames: (J=compiled Java code, j=interpreted, Vv=VM code)
j  org.lwjgl.opengl.GL11C.nglDrawElements(IIIJ)V+0
j  org.lwjgl.opengl.GL11C.glDrawElements(IIIJ)V+4
j  org.lwjgl.opengl.GL11.glDrawElements(IIIJ)V+4
j  dev.sinoka.Main.run()V+2048
j  dev.sinoka.Main.main([Ljava/lang/String;)V+7
v  ~StubRoutines::call_stub

siginfo: EXCEPTION_ACCESS_VIOLATION (0xc0000005), reading address 0x0000000000000000


Registers:
RAX=0x0000022fde521f00, RBX=0x0000022fde521ed8, RCX=0x0000022fde521f00, RDX=0x0000000000000000
RSP=0x000000f039dff028, RBP=0x0000022fdd415d00, RSI=0x0000022fdd2cf080, RDI=0x0000022fdcf8d098
R8 =0x0000000000000090, R9 =0x0000000000000090, R10=0x00007ffb77f30000, R11=0x00007ffb77f30000
R12=0x0000000000000000, R13=0x0000000000000090, R14=0x0000000000000000, R15=0x0000000000000090
RIP=0x00007ffb79e4677d, EFLAGS=0x0000000000010287


Register to memory mapping:

RIP=0x00007ffb79e4677d atio6axx.dll
RAX=0x0000022fde521f00 points into unknown readable memory: 0x0000000000000000 | 00 00 00 00 00 00 00 00
RBX=0x0000022fde521ed8 points into unknown readable memory: 0x0000000000000000 | 00 00 00 00 00 00 00 00
RCX=0x0000022fde521f00 points into unknown readable memory: 0x0000000000000000 | 00 00 00 00 00 00 00 00
RDX=0x0 is NULL
RSP=0x000000f039dff028 is pointing into the stack for thread: 0x0000022feb13c2a0
RBP=0x0000022fdd415d00 points into unknown readable memory: 0x0000022fde513040 | 40 30 51 de 2f 02 00 00
RSI=0x0000022fdd2cf080 points into unknown readable memory: 0x00007ffb7b8499b8 | b8 99 84 7b fb 7f 00 00
RDI=0x0000022fdcf8d098 points into unknown readable memory: 0x00007ffb7b849988 | 88 99 84 7b fb 7f 00 00
R8 =0x0000000000000090 is an unknown value
R9 =0x0000000000000090 is an unknown value
R10=0x00007ffb77f30000 atio6axx.dll
R11=0x00007ffb77f30000 atio6axx.dll
R12=0x0 is NULL
R13=0x0000000000000090 is an unknown value
R14=0x0 is NULL
R15=0x0000000000000090 is an unknown value


Top of Stack: (sp=0x000000f039dff028)
0x000000f039dff028:   00007ffb784d1867 000000f039dfef40
0x000000f039dff038:   0000000000000000 0000022fe0067ce8
0x000000f039dff048:   0000022f8747b180 0000022f00000400
0x000000f039dff058:   0000022fde521f00 00000000000000b8
0x000000f039dff068:   0000000000001405 0000022fdcf8d098
0x000000f039dff078:   0000000000000004 0000000000001405
0x000000f039dff088:   000000000000013a 0000000000000000
0x000000f039dff098:   0000022fdcf8d098 0000000000000024
0x000000f039dff0a8:   0000022fdd2cf080 0000000000000000
0x000000f039dff0b8:   00007ffb7857fa13 0000022fde521ed8
0x000000f039dff0c8:   00007ffb00000004 000000f000000024
0x000000f039dff0d8:   0000022f00001405 0000000000000000
0x000000f039dff0e8:   0000000000000001 0000022fdda97548
0x000000f039dff0f8:   00007ffb77fbbd78 0000022fdd2cf080
0x000000f039dff108:   0000022f00000000 0000022fdcf8d098
0x000000f039dff118:   0000003800000000 0000000000000024
0x000000f039dff128:   0000000000000004 0000022fd05fc7c0
0x000000f039dff138:   0000000000000000 00007ffb7be5fa80
0x000000f039dff148:   00007ffb77fc5d2f 0000022fdda97548
0x000000f039dff158:   0000000000001405 0000022fdd2cf080
0x000000f039dff168:   0000022f8747c788 0000022feb13c2a0
0x000000f039dff178:   0000022feb13c2a0 0000022fd05fc7c0
0x000000f039dff188:   0000022feb13c2a0 0000022fd0598f00
0x000000f039dff198:   0000022fdcf8d098 0000022fd05fc700
0x000000f039dff1a8:   0000022fd05fc7c0 0000022feb13c2a0
0x000000f039dff1b8:   000000f039dff2a8 0000000000000000
0x000000f039dff1c8:   0000022f8745d6e1 0000022fd05fc7c0
0x000000f039dff1d8:   000000f039dff268 0000022f9000e7d0
0x000000f039dff1e8:   0000022fd0598f00 0000022f00001405
0x000000f039dff1f8:   0000000000000000 3ff0000000000000
0x000000f039dff208:   0000022feb13c2a0 0000022f9000e7d0
0x000000f039dff218:   0000022f8745d3b6 000000f039dff220 

Instructions: (pc=0x00007ffb79e4677d)
0x00007ffb79e4667d:   08 66 44 89 40 04 44 88 48 06 c3 4c 8b 02 8b 4a
0x00007ffb79e4668d:   08 44 0f b7 4a 0c 4c 89 00 89 48 08 66 44 89 48
0x00007ffb79e4669d:   0c c3 0f b7 0a 44 0f b6 42 02 66 89 08 44 88 40
0x00007ffb79e466ad:   02 c3 90 4c 8b 02 8b 4a 08 44 0f b6 4a 0c 4c 89
0x00007ffb79e466bd:   00 89 48 08 44 88 48 0c c3 4c 8b 02 0f b7 4a 08
0x00007ffb79e466cd:   4c 89 00 66 89 48 08 c3 4c 8b 02 0f b6 4a 08 4c
0x00007ffb79e466dd:   89 00 88 48 08 c3 4c 8b 02 8b 4a 08 4c 89 00 89
0x00007ffb79e466ed:   48 08 c3 8b 0a 44 0f b7 42 04 89 08 66 44 89 40
0x00007ffb79e466fd:   04 c3 8b 0a 44 0f b6 42 04 89 08 44 88 40 04 c3
0x00007ffb79e4670d:   48 8b 0a 48 89 08 c3 0f b6 0a 88 08 c3 8b 0a 89
0x00007ffb79e4671d:   08 c3 90 49 83 f8 20 77 17 f3 0f 6f 0a f3 42 0f
0x00007ffb79e4672d:   6f 54 02 f0 f3 0f 7f 09 f3 42 0f 7f 54 01 f0 c3
0x00007ffb79e4673d:   4e 8d 0c 02 48 3b ca 4c 0f 46 c9 49 3b c9 0f 82
0x00007ffb79e4674d:   3f 04 00 00 83 3d 30 f9 e2 01 03 0f 82 e2 02 00
0x00007ffb79e4675d:   00 49 81 f8 00 20 00 00 76 16 49 81 f8 00 00 18
0x00007ffb79e4676d:   00 77 0d f6 05 69 34 f5 01 02 0f 85 73 fe ff ff
0x00007ffb79e4677d:   c5 fe 6f 02 c4 a1 7e 6f 6c 02 e0 49 81 f8 00 01
0x00007ffb79e4678d:   00 00 0f 86 c3 00 00 00 4c 8b c9 49 83 e1 1f 49
0x00007ffb79e4679d:   83 e9 20 49 2b c9 49 2b d1 4d 03 c1 49 81 f8 00
0x00007ffb79e467ad:   01 00 00 0f 86 a2 00 00 00 49 81 f8 00 00 18 00
0x00007ffb79e467bd:   0f 87 3d 01 00 00 66 66 66 66 66 0f 1f 84 00 00
0x00007ffb79e467cd:   00 00 00 c5 fe 6f 0a c5 fe 6f 52 20 c5 fe 6f 5a
0x00007ffb79e467dd:   40 c5 fe 6f 62 60 c5 fd 7f 09 c5 fd 7f 51 20 c5
0x00007ffb79e467ed:   fd 7f 59 40 c5 fd 7f 61 60 c5 fe 6f 8a 80 00 00
0x00007ffb79e467fd:   00 c5 fe 6f 92 a0 00 00 00 c5 fe 6f 9a c0 00 00
0x00007ffb79e4680d:   00 c5 fe 6f a2 e0 00 00 00 c5 fd 7f 89 80 00 00
0x00007ffb79e4681d:   00 c5 fd 7f 91 a0 00 00 00 c5 fd 7f 99 c0 00 00
0x00007ffb79e4682d:   00 c5 fd 7f a1 e0 00 00 00 48 81 c1 00 01 00 00
0x00007ffb79e4683d:   48 81 c2 00 01 00 00 49 81 e8 00 01 00 00 49 81
0x00007ffb79e4684d:   f8 00 01 00 00 0f 83 78 ff ff ff 4d 8d 48 1f 49
0x00007ffb79e4685d:   83 e1 e0 4d 8b d9 49 c1 eb 05 47 8b 9c 9a f0 f5
0x00007ffb79e4686d:   9e 03 4d 03 da 41 ff e3 c4 a1 7e 6f 8c 0a 00 ff 


Stack slot to memory mapping:
stack at sp + 0 slots: 0x00007ffb784d1867 atio6axx.dll
stack at sp + 1 slots: 0x000000f039dfef40 is pointing into the stack for thread: 0x0000022feb13c2a0
stack at sp + 2 slots: 0x0 is NULL
stack at sp + 3 slots: 0x0000022fe0067ce8 points into unknown readable memory: 0x00007ffb7b840430 | 30 04 84 7b fb 7f 00 00
stack at sp + 4 slots: 0x0000022f8747b180 is at code_begin+0 in 
[CodeBlob (0x0000022f8747b110)]
Framesize: 0
BufferBlob (0x0000022f8747b110) used for Signature Handler Temp Buffer
stack at sp + 5 slots: 0x0000022f00000400 is an unknown value
stack at sp + 6 slots: 0x0000022fde521f00 points into unknown readable memory: 0x0000000000000000 | 00 00 00 00 00 00 00 00
stack at sp + 7 slots: 0x00000000000000b8 is an unknown value


---------------  P R O C E S S  ---------------

Threads class SMR info:
_java_thread_list=0x0000022fdca515b0, length=15, elements={
0x0000022feb13c2a0, 0x0000022ffe9e3380, 0x0000022ffe9e3d40, 0x0000022ffe9fded0,
0x0000022ffe9fe890, 0x0000022ffe9ff250, 0x0000022ffe9ffc10, 0x0000022ffea00900,
0x0000022ffea033c0, 0x0000022ffea04dd0, 0x0000022ffea3e480, 0x0000022fff81b5d0,
0x0000022fff821f20, 0x0000022fdd7668c0, 0x0000022fdd766de0
}

Java Threads: ( => current thread )
=>0x0000022feb13c2a0 JavaThread "main" [_thread_in_native, id=14504, stack(0x000000f039d00000,0x000000f039e00000)]
  0x0000022ffe9e3380 JavaThread "Reference Handler" daemon [_thread_blocked, id=21544, stack(0x000000f03a400000,0x000000f03a500000)]
  0x0000022ffe9e3d40 JavaThread "Finalizer" daemon [_thread_blocked, id=26064, stack(0x000000f03a500000,0x000000f03a600000)]
  0x0000022ffe9fded0 JavaThread "Signal Dispatcher" daemon [_thread_blocked, id=21844, stack(0x000000f03a600000,0x000000f03a700000)]
  0x0000022ffe9fe890 JavaThread "Attach Listener" daemon [_thread_blocked, id=5212, stack(0x000000f03a700000,0x000000f03a800000)]
  0x0000022ffe9ff250 JavaThread "Service Thread" daemon [_thread_blocked, id=25688, stack(0x000000f03a800000,0x000000f03a900000)]
  0x0000022ffe9ffc10 JavaThread "Monitor Deflation Thread" daemon [_thread_blocked, id=27248, stack(0x000000f03a900000,0x000000f03aa00000)]
  0x0000022ffea00900 JavaThread "C2 CompilerThread0" daemon [_thread_blocked, id=3964, stack(0x000000f03aa00000,0x000000f03ab00000)]
  0x0000022ffea033c0 JavaThread "C1 CompilerThread0" daemon [_thread_blocked, id=22188, stack(0x000000f03ab00000,0x000000f03ac00000)]
  0x0000022ffea04dd0 JavaThread "Sweeper thread" daemon [_thread_blocked, id=26544, stack(0x000000f03ac00000,0x000000f03ad00000)]
  0x0000022ffea3e480 JavaThread "C1 CompilerThread1" daemon [_thread_blocked, id=5600, stack(0x000000f03ad00000,0x000000f03ae00000)]
  0x0000022fff81b5d0 JavaThread "Notification Thread" daemon [_thread_blocked, id=1912, stack(0x000000f03ae00000,0x000000f03af00000)]
  0x0000022fff821f20 JavaThread "Common-Cleaner" daemon [_thread_blocked, id=16424, stack(0x000000f03b000000,0x000000f03b100000)]
  0x0000022fdd7668c0 JavaThread "C1 CompilerThread2" daemon [_thread_blocked, id=28376, stack(0x000000f03b100000,0x000000f03b200000)]
  0x0000022fdd766de0 JavaThread "C1 CompilerThread3" daemon [_thread_blocked, id=2608, stack(0x000000f03b800000,0x000000f03b900000)]

Other Threads:
  0x0000022ffe9dbf30 VMThread "VM Thread" [stack: 0x000000f03a300000,0x000000f03a400000] [id=28512]
  0x0000022fff81dac0 WatcherThread [stack: 0x000000f03af00000,0x000000f03b000000] [id=21892]
  0x0000022feb1a7600 GCTaskThread "GC Thread#0" [stack: 0x000000f039e00000,0x000000f039f00000] [id=25156]
  0x0000022feb1b8660 ConcurrentGCThread "G1 Main Marker" [stack: 0x000000f039f00000,0x000000f03a000000] [id=2920]
  0x0000022feb1bb730 ConcurrentGCThread "G1 Conc#0" [stack: 0x000000f03a000000,0x000000f03a100000] [id=6268]
  0x0000022feb1ee6a0 ConcurrentGCThread "G1 Refine#0" [stack: 0x000000f03a100000,0x000000f03a200000] [id=10168]
  0x0000022ffe911030 ConcurrentGCThread "G1 Service" [stack: 0x000000f03a200000,0x000000f03a300000] [id=17264]

Threads with active compile tasks:

VM state: not at safepoint (normal execution)

VM Mutex/Monitor currently owned by a thread: None

Heap address: 0x000000070bc00000, size: 3908 MB, Compressed Oops mode: Zero based, Oop shift amount: 3

CDS archive(s) mapped at: [0x0000022f8f000000-0x0000022f8fbb0000-0x0000022f8fbb0000), size 12255232, SharedBaseAddress: 0x0000022f8f000000, ArchiveRelocationMode: 1.
Compressed class space mapped at: 0x0000022f90000000-0x0000022fd0000000, reserved size: 1073741824
Narrow klass base: 0x0000022f8f000000, Narrow klass shift: 0, Narrow klass range: 0x100000000

GC Precious Log:
 CPUs: 16 total, 16 available
 Memory: 15627M
 Large Page Support: Disabled
 NUMA Support: Disabled
 Compressed Oops: Enabled (Zero based)
 Heap Region Size: 2M
 Heap Min Capacity: 8M
 Heap Initial Capacity: 246M
 Heap Max Capacity: 3908M
 Pre-touch: Disabled
 Parallel Workers: 13
 Concurrent Workers: 3
 Concurrent Refinement Workers: 13
 Periodic GC: Disabled

Heap:
 garbage-first heap   total 251904K, used 12288K [0x000000070bc00000, 0x0000000800000000)
  region size 2048K, 8 young (16384K), 0 survivors (0K)
 Metaspace       used 6125K, committed 6336K, reserved 1114112K
  class space    used 307K, committed 384K, reserved 1048576K

Heap Regions: E=young(eden), S=young(survivor), O=old, HS=humongous(starts), HC=humongous(continues), CS=collection set, F=free, OA=open archive, CA=closed archive, TAMS=top-at-mark-start (previous, next)
|   0|0x000000070bc00000, 0x000000070bc00000, 0x000000070be00000|  0%| F|  |TAMS 0x000000070bc00000, 0x000000070bc00000| Untracked 
|   1|0x000000070be00000, 0x000000070be00000, 0x000000070c000000|  0%| F|  |TAMS 0x000000070be00000, 0x000000070be00000| Untracked 
|   2|0x000000070c000000, 0x000000070c000000, 0x000000070c200000|  0%| F|  |TAMS 0x000000070c000000, 0x000000070c000000| Untracked 
|   3|0x000000070c200000, 0x000000070c200000, 0x000000070c400000|  0%| F|  |TAMS 0x000000070c200000, 0x000000070c200000| Untracked 
|   4|0x000000070c400000, 0x000000070c400000, 0x000000070c600000|  0%| F|  |TAMS 0x000000070c400000, 0x000000070c400000| Untracked 
|   5|0x000000070c600000, 0x000000070c600000, 0x000000070c800000|  0%| F|  |TAMS 0x000000070c600000, 0x000000070c600000| Untracked 
|   6|0x000000070c800000, 0x000000070c800000, 0x000000070ca00000|  0%| F|  |TAMS 0x000000070c800000, 0x000000070c800000| Untracked 
|   7|0x000000070ca00000, 0x000000070ca00000, 0x000000070cc00000|  0%| F|  |TAMS 0x000000070ca00000, 0x000000070ca00000| Untracked 
|   8|0x000000070cc00000, 0x000000070cc00000, 0x000000070ce00000|  0%| F|  |TAMS 0x000000070cc00000, 0x000000070cc00000| Untracked 
|   9|0x000000070ce00000, 0x000000070ce00000, 0x000000070d000000|  0%| F|  |TAMS 0x000000070ce00000, 0x000000070ce00000| Untracked 
|  10|0x000000070d000000, 0x000000070d000000, 0x000000070d200000|  0%| F|  |TAMS 0x000000070d000000, 0x000000070d000000| Untracked 
|  11|0x000000070d200000, 0x000000070d200000, 0x000000070d400000|  0%| F|  |TAMS 0x000000070d200000, 0x000000070d200000| Untracked 
|  12|0x000000070d400000, 0x000000070d400000, 0x000000070d600000|  0%| F|  |TAMS 0x000000070d400000, 0x000000070d400000| Untracked 
|  13|0x000000070d600000, 0x000000070d600000, 0x000000070d800000|  0%| F|  |TAMS 0x000000070d600000, 0x000000070d600000| Untracked 
|  14|0x000000070d800000, 0x000000070d800000, 0x000000070da00000|  0%| F|  |TAMS 0x000000070d800000, 0x000000070d800000| Untracked 
|  15|0x000000070da00000, 0x000000070da00000, 0x000000070dc00000|  0%| F|  |TAMS 0x000000070da00000, 0x000000070da00000| Untracked 
|  16|0x000000070dc00000, 0x000000070dc00000, 0x000000070de00000|  0%| F|  |TAMS 0x000000070dc00000, 0x000000070dc00000| Untracked 
|  17|0x000000070de00000, 0x000000070de00000, 0x000000070e000000|  0%| F|  |TAMS 0x000000070de00000, 0x000000070de00000| Untracked 
|  18|0x000000070e000000, 0x000000070e000000, 0x000000070e200000|  0%| F|  |TAMS 0x000000070e000000, 0x000000070e000000| Untracked 
|  19|0x000000070e200000, 0x000000070e200000, 0x000000070e400000|  0%| F|  |TAMS 0x000000070e200000, 0x000000070e200000| Untracked 
|  20|0x000000070e400000, 0x000000070e400000, 0x000000070e600000|  0%| F|  |TAMS 0x000000070e400000, 0x000000070e400000| Untracked 
|  21|0x000000070e600000, 0x000000070e600000, 0x000000070e800000|  0%| F|  |TAMS 0x000000070e600000, 0x000000070e600000| Untracked 
|  22|0x000000070e800000, 0x000000070e800000, 0x000000070ea00000|  0%| F|  |TAMS 0x000000070e800000, 0x000000070e800000| Untracked 
|  23|0x000000070ea00000, 0x000000070ea00000, 0x000000070ec00000|  0%| F|  |TAMS 0x000000070ea00000, 0x000000070ea00000| Untracked 
|  24|0x000000070ec00000, 0x000000070ec00000, 0x000000070ee00000|  0%| F|  |TAMS 0x000000070ec00000, 0x000000070ec00000| Untracked 
|  25|0x000000070ee00000, 0x000000070ee00000, 0x000000070f000000|  0%| F|  |TAMS 0x000000070ee00000, 0x000000070ee00000| Untracked 
|  26|0x000000070f000000, 0x000000070f000000, 0x000000070f200000|  0%| F|  |TAMS 0x000000070f000000, 0x000000070f000000| Untracked 
|  27|0x000000070f200000, 0x000000070f200000, 0x000000070f400000|  0%| F|  |TAMS 0x000000070f200000, 0x000000070f200000| Untracked 
|  28|0x000000070f400000, 0x000000070f400000, 0x000000070f600000|  0%| F|  |TAMS 0x000000070f400000, 0x000000070f400000| Untracked 
|  29|0x000000070f600000, 0x000000070f600000, 0x000000070f800000|  0%| F|  |TAMS 0x000000070f600000, 0x000000070f600000| Untracked 
|  30|0x000000070f800000, 0x000000070f800000, 0x000000070fa00000|  0%| F|  |TAMS 0x000000070f800000, 0x000000070f800000| Untracked 
|  31|0x000000070fa00000, 0x000000070fa00000, 0x000000070fc00000|  0%| F|  |TAMS 0x000000070fa00000, 0x000000070fa00000| Untracked 
|  32|0x000000070fc00000, 0x000000070fc00000, 0x000000070fe00000|  0%| F|  |TAMS 0x000000070fc00000, 0x000000070fc00000| Untracked 
|  33|0x000000070fe00000, 0x000000070fe00000, 0x0000000710000000|  0%| F|  |TAMS 0x000000070fe00000, 0x000000070fe00000| Untracked 
|  34|0x0000000710000000, 0x0000000710000000, 0x0000000710200000|  0%| F|  |TAMS 0x0000000710000000, 0x0000000710000000| Untracked 
|  35|0x0000000710200000, 0x0000000710200000, 0x0000000710400000|  0%| F|  |TAMS 0x0000000710200000, 0x0000000710200000| Untracked 
|  36|0x0000000710400000, 0x0000000710400000, 0x0000000710600000|  0%| F|  |TAMS 0x0000000710400000, 0x0000000710400000| Untracked 
|  37|0x0000000710600000, 0x0000000710600000, 0x0000000710800000|  0%| F|  |TAMS 0x0000000710600000, 0x0000000710600000| Untracked 
|  38|0x0000000710800000, 0x0000000710800000, 0x0000000710a00000|  0%| F|  |TAMS 0x0000000710800000, 0x0000000710800000| Untracked 
|  39|0x0000000710a00000, 0x0000000710a00000, 0x0000000710c00000|  0%| F|  |TAMS 0x0000000710a00000, 0x0000000710a00000| Untracked 
|  40|0x0000000710c00000, 0x0000000710c00000, 0x0000000710e00000|  0%| F|  |TAMS 0x0000000710c00000, 0x0000000710c00000| Untracked 
|  41|0x0000000710e00000, 0x0000000710e00000, 0x0000000711000000|  0%| F|  |TAMS 0x0000000710e00000, 0x0000000710e00000| Untracked 
|  42|0x0000000711000000, 0x0000000711000000, 0x0000000711200000|  0%| F|  |TAMS 0x0000000711000000, 0x0000000711000000| Untracked 
|  43|0x0000000711200000, 0x0000000711200000, 0x0000000711400000|  0%| F|  |TAMS 0x0000000711200000, 0x0000000711200000| Untracked 
|  44|0x0000000711400000, 0x0000000711400000, 0x0000000711600000|  0%| F|  |TAMS 0x0000000711400000, 0x0000000711400000| Untracked 
|  45|0x0000000711600000, 0x0000000711600000, 0x0000000711800000|  0%| F|  |TAMS 0x0000000711600000, 0x0000000711600000| Untracked 
|  46|0x0000000711800000, 0x0000000711800000, 0x0000000711a00000|  0%| F|  |TAMS 0x0000000711800000, 0x0000000711800000| Untracked 
|  47|0x0000000711a00000, 0x0000000711a00000, 0x0000000711c00000|  0%| F|  |TAMS 0x0000000711a00000, 0x0000000711a00000| Untracked 
|  48|0x0000000711c00000, 0x0000000711c00000, 0x0000000711e00000|  0%| F|  |TAMS 0x0000000711c00000, 0x0000000711c00000| Untracked 
|  49|0x0000000711e00000, 0x0000000711e00000, 0x0000000712000000|  0%| F|  |TAMS 0x0000000711e00000, 0x0000000711e00000| Untracked 
|  50|0x0000000712000000, 0x0000000712000000, 0x0000000712200000|  0%| F|  |TAMS 0x0000000712000000, 0x0000000712000000| Untracked 
|  51|0x0000000712200000, 0x0000000712200000, 0x0000000712400000|  0%| F|  |TAMS 0x0000000712200000, 0x0000000712200000| Untracked 
|  52|0x0000000712400000, 0x0000000712400000, 0x0000000712600000|  0%| F|  |TAMS 0x0000000712400000, 0x0000000712400000| Untracked 
|  53|0x0000000712600000, 0x0000000712600000, 0x0000000712800000|  0%| F|  |TAMS 0x0000000712600000, 0x0000000712600000| Untracked 
|  54|0x0000000712800000, 0x0000000712800000, 0x0000000712a00000|  0%| F|  |TAMS 0x0000000712800000, 0x0000000712800000| Untracked 
|  55|0x0000000712a00000, 0x0000000712a00000, 0x0000000712c00000|  0%| F|  |TAMS 0x0000000712a00000, 0x0000000712a00000| Untracked 
|  56|0x0000000712c00000, 0x0000000712c00000, 0x0000000712e00000|  0%| F|  |TAMS 0x0000000712c00000, 0x0000000712c00000| Untracked 
|  57|0x0000000712e00000, 0x0000000712e00000, 0x0000000713000000|  0%| F|  |TAMS 0x0000000712e00000, 0x0000000712e00000| Untracked 
|  58|0x0000000713000000, 0x0000000713000000, 0x0000000713200000|  0%| F|  |TAMS 0x0000000713000000, 0x0000000713000000| Untracked 
|  59|0x0000000713200000, 0x0000000713200000, 0x0000000713400000|  0%| F|  |TAMS 0x0000000713200000, 0x0000000713200000| Untracked 
|  60|0x0000000713400000, 0x0000000713400000, 0x0000000713600000|  0%| F|  |TAMS 0x0000000713400000, 0x0000000713400000| Untracked 
|  61|0x0000000713600000, 0x0000000713600000, 0x0000000713800000|  0%| F|  |TAMS 0x0000000713600000, 0x0000000713600000| Untracked 
|  62|0x0000000713800000, 0x0000000713800000, 0x0000000713a00000|  0%| F|  |TAMS 0x0000000713800000, 0x0000000713800000| Untracked 
|  63|0x0000000713a00000, 0x0000000713a00000, 0x0000000713c00000|  0%| F|  |TAMS 0x0000000713a00000, 0x0000000713a00000| Untracked 
|  64|0x0000000713c00000, 0x0000000713c00000, 0x0000000713e00000|  0%| F|  |TAMS 0x0000000713c00000, 0x0000000713c00000| Untracked 
|  65|0x0000000713e00000, 0x0000000713e00000, 0x0000000714000000|  0%| F|  |TAMS 0x0000000713e00000, 0x0000000713e00000| Untracked 
|  66|0x0000000714000000, 0x0000000714000000, 0x0000000714200000|  0%| F|  |TAMS 0x0000000714000000, 0x0000000714000000| Untracked 
|  67|0x0000000714200000, 0x0000000714200000, 0x0000000714400000|  0%| F|  |TAMS 0x0000000714200000, 0x0000000714200000| Untracked 
|  68|0x0000000714400000, 0x0000000714400000, 0x0000000714600000|  0%| F|  |TAMS 0x0000000714400000, 0x0000000714400000| Untracked 
|  69|0x0000000714600000, 0x0000000714600000, 0x0000000714800000|  0%| F|  |TAMS 0x0000000714600000, 0x0000000714600000| Untracked 
|  70|0x0000000714800000, 0x0000000714800000, 0x0000000714a00000|  0%| F|  |TAMS 0x0000000714800000, 0x0000000714800000| Untracked 
|  71|0x0000000714a00000, 0x0000000714a00000, 0x0000000714c00000|  0%| F|  |TAMS 0x0000000714a00000, 0x0000000714a00000| Untracked 
|  72|0x0000000714c00000, 0x0000000714c00000, 0x0000000714e00000|  0%| F|  |TAMS 0x0000000714c00000, 0x0000000714c00000| Untracked 
|  73|0x0000000714e00000, 0x0000000714e00000, 0x0000000715000000|  0%| F|  |TAMS 0x0000000714e00000, 0x0000000714e00000| Untracked 
|  74|0x0000000715000000, 0x0000000715000000, 0x0000000715200000|  0%| F|  |TAMS 0x0000000715000000, 0x0000000715000000| Untracked 
|  75|0x0000000715200000, 0x0000000715200000, 0x0000000715400000|  0%| F|  |TAMS 0x0000000715200000, 0x0000000715200000| Untracked 
|  76|0x0000000715400000, 0x0000000715400000, 0x0000000715600000|  0%| F|  |TAMS 0x0000000715400000, 0x0000000715400000| Untracked 
|  77|0x0000000715600000, 0x0000000715600000, 0x0000000715800000|  0%| F|  |TAMS 0x0000000715600000, 0x0000000715600000| Untracked 
|  78|0x0000000715800000, 0x0000000715800000, 0x0000000715a00000|  0%| F|  |TAMS 0x0000000715800000, 0x0000000715800000| Untracked 
|  79|0x0000000715a00000, 0x0000000715a00000, 0x0000000715c00000|  0%| F|  |TAMS 0x0000000715a00000, 0x0000000715a00000| Untracked 
|  80|0x0000000715c00000, 0x0000000715c00000, 0x0000000715e00000|  0%| F|  |TAMS 0x0000000715c00000, 0x0000000715c00000| Untracked 
|  81|0x0000000715e00000, 0x0000000715e00000, 0x0000000716000000|  0%| F|  |TAMS 0x0000000715e00000, 0x0000000715e00000| Untracked 
|  82|0x0000000716000000, 0x0000000716000000, 0x0000000716200000|  0%| F|  |TAMS 0x0000000716000000, 0x0000000716000000| Untracked 
|  83|0x0000000716200000, 0x0000000716200000, 0x0000000716400000|  0%| F|  |TAMS 0x0000000716200000, 0x0000000716200000| Untracked 
|  84|0x0000000716400000, 0x0000000716400000, 0x0000000716600000|  0%| F|  |TAMS 0x0000000716400000, 0x0000000716400000| Untracked 
|  85|0x0000000716600000, 0x0000000716600000, 0x0000000716800000|  0%| F|  |TAMS 0x0000000716600000, 0x0000000716600000| Untracked 
|  86|0x0000000716800000, 0x0000000716800000, 0x0000000716a00000|  0%| F|  |TAMS 0x0000000716800000, 0x0000000716800000| Untracked 
|  87|0x0000000716a00000, 0x0000000716a00000, 0x0000000716c00000|  0%| F|  |TAMS 0x0000000716a00000, 0x0000000716a00000| Untracked 
|  88|0x0000000716c00000, 0x0000000716c00000, 0x0000000716e00000|  0%| F|  |TAMS 0x0000000716c00000, 0x0000000716c00000| Untracked 
|  89|0x0000000716e00000, 0x0000000716e00000, 0x0000000717000000|  0%| F|  |TAMS 0x0000000716e00000, 0x0000000716e00000| Untracked 
|  90|0x0000000717000000, 0x0000000717000000, 0x0000000717200000|  0%| F|  |TAMS 0x0000000717000000, 0x0000000717000000| Untracked 
|  91|0x0000000717200000, 0x0000000717200000, 0x0000000717400000|  0%| F|  |TAMS 0x0000000717200000, 0x0000000717200000| Untracked 
|  92|0x0000000717400000, 0x0000000717400000, 0x0000000717600000|  0%| F|  |TAMS 0x0000000717400000, 0x0000000717400000| Untracked 
|  93|0x0000000717600000, 0x0000000717600000, 0x0000000717800000|  0%| F|  |TAMS 0x0000000717600000, 0x0000000717600000| Untracked 
|  94|0x0000000717800000, 0x0000000717800000, 0x0000000717a00000|  0%| F|  |TAMS 0x0000000717800000, 0x0000000717800000| Untracked 
|  95|0x0000000717a00000, 0x0000000717a00000, 0x0000000717c00000|  0%| F|  |TAMS 0x0000000717a00000, 0x0000000717a00000| Untracked 
|  96|0x0000000717c00000, 0x0000000717c00000, 0x0000000717e00000|  0%| F|  |TAMS 0x0000000717c00000, 0x0000000717c00000| Untracked 
|  97|0x0000000717e00000, 0x0000000717e00000, 0x0000000718000000|  0%| F|  |TAMS 0x0000000717e00000, 0x0000000717e00000| Untracked 
|  98|0x0000000718000000, 0x0000000718000000, 0x0000000718200000|  0%| F|  |TAMS 0x0000000718000000, 0x0000000718000000| Untracked 
|  99|0x0000000718200000, 0x0000000718200000, 0x0000000718400000|  0%| F|  |TAMS 0x0000000718200000, 0x0000000718200000| Untracked 
| 100|0x0000000718400000, 0x0000000718400000, 0x0000000718600000|  0%| F|  |TAMS 0x0000000718400000, 0x0000000718400000| Untracked 
| 101|0x0000000718600000, 0x0000000718600000, 0x0000000718800000|  0%| F|  |TAMS 0x0000000718600000, 0x0000000718600000| Untracked 
| 102|0x0000000718800000, 0x0000000718800000, 0x0000000718a00000|  0%| F|  |TAMS 0x0000000718800000, 0x0000000718800000| Untracked 
| 103|0x0000000718a00000, 0x0000000718a00000, 0x0000000718c00000|  0%| F|  |TAMS 0x0000000718a00000, 0x0000000718a00000| Untracked 
| 104|0x0000000718c00000, 0x0000000718c00000, 0x0000000718e00000|  0%| F|  |TAMS 0x0000000718c00000, 0x0000000718c00000| Untracked 
| 105|0x0000000718e00000, 0x0000000718e00000, 0x0000000719000000|  0%| F|  |TAMS 0x0000000718e00000, 0x0000000718e00000| Untracked 
| 106|0x0000000719000000, 0x0000000719000000, 0x0000000719200000|  0%| F|  |TAMS 0x0000000719000000, 0x0000000719000000| Untracked 
| 107|0x0000000719200000, 0x0000000719200000, 0x0000000719400000|  0%| F|  |TAMS 0x0000000719200000, 0x0000000719200000| Untracked 
| 108|0x0000000719400000, 0x0000000719400000, 0x0000000719600000|  0%| F|  |TAMS 0x0000000719400000, 0x0000000719400000| Untracked 
| 109|0x0000000719600000, 0x0000000719600000, 0x0000000719800000|  0%| F|  |TAMS 0x0000000719600000, 0x0000000719600000| Untracked 
| 110|0x0000000719800000, 0x0000000719800000, 0x0000000719a00000|  0%| F|  |TAMS 0x0000000719800000, 0x0000000719800000| Untracked 
| 111|0x0000000719a00000, 0x0000000719a00000, 0x0000000719c00000|  0%| F|  |TAMS 0x0000000719a00000, 0x0000000719a00000| Untracked 
| 112|0x0000000719c00000, 0x0000000719c00000, 0x0000000719e00000|  0%| F|  |TAMS 0x0000000719c00000, 0x0000000719c00000| Untracked 
| 113|0x0000000719e00000, 0x0000000719e00000, 0x000000071a000000|  0%| F|  |TAMS 0x0000000719e00000, 0x0000000719e00000| Untracked 
| 114|0x000000071a000000, 0x000000071a000000, 0x000000071a200000|  0%| F|  |TAMS 0x000000071a000000, 0x000000071a000000| Untracked 
| 115|0x000000071a200000, 0x000000071a3b2ef0, 0x000000071a400000| 84%| E|  |TAMS 0x000000071a200000, 0x000000071a200000| Complete 
| 116|0x000000071a400000, 0x000000071a600000, 0x000000071a600000|100%| E|  |TAMS 0x000000071a400000, 0x000000071a400000| Complete 
| 117|0x000000071a600000, 0x000000071a800000, 0x000000071a800000|100%| E|CS|TAMS 0x000000071a600000, 0x000000071a600000| Complete 
| 118|0x000000071a800000, 0x000000071aa00000, 0x000000071aa00000|100%| E|CS|TAMS 0x000000071a800000, 0x000000071a800000| Complete 
| 119|0x000000071aa00000, 0x000000071ac00000, 0x000000071ac00000|100%| E|CS|TAMS 0x000000071aa00000, 0x000000071aa00000| Complete 
| 120|0x000000071ac00000, 0x000000071ae00000, 0x000000071ae00000|100%| E|CS|TAMS 0x000000071ac00000, 0x000000071ac00000| Complete 
| 121|0x000000071ae00000, 0x000000071b000000, 0x000000071b000000|100%| E|CS|TAMS 0x000000071ae00000, 0x000000071ae00000| Complete 
| 122|0x000000071b000000, 0x000000071b200000, 0x000000071b200000|100%| E|CS|TAMS 0x000000071b000000, 0x000000071b000000| Complete 

Card table byte_map: [0x0000022ff3ca0000,0x0000022ff4450000] _byte_map_base: 0x0000022ff0442000

Marking Bits (Prev, Next): (CMBitMap*) 0x0000022feb1a7c20, (CMBitMap*) 0x0000022feb1a7c60
 Prev Bits: [0x0000022ff4c00000, 0x0000022ff8910000)
 Next Bits: [0x0000022ff8910000, 0x0000022ffc620000)

Polling page: 0x0000022fea870000

Metaspace:

Usage:
  Non-class:      5.68 MB used.
      Class:    307.94 KB used.
       Both:      5.98 MB used.

Virtual space:
  Non-class space:       64.00 MB reserved,       5.81 MB (  9%) committed,  1 nodes.
      Class space:        1.00 GB reserved,     384.00 KB ( <1%) committed,  1 nodes.
             Both:        1.06 GB reserved,       6.19 MB ( <1%) committed. 

Chunk freelists:
   Non-Class:  7.98 MB
       Class:  15.57 MB
        Both:  23.55 MB

MaxMetaspaceSize: unlimited
CompressedClassSpaceSize: 1.00 GB
Initial GC threshold: 21.00 MB
Current GC threshold: 21.00 MB
CDS: on
MetaspaceReclaimPolicy: balanced
 - commit_granule_bytes: 65536.
 - commit_granule_words: 8192.
 - virtual_space_node_default_size: 8388608.
 - enlarge_chunks_in_place: 1.
 - new_chunks_are_fully_committed: 0.
 - uncommit_free_chunks: 1.
 - use_allocation_guard: 0.
 - handle_deallocations: 1.


Internal statistics:

num_allocs_failed_limit: 0.
num_arena_births: 70.
num_arena_deaths: 0.
num_vsnodes_births: 2.
num_vsnodes_deaths: 0.
num_space_committed: 97.
num_space_uncommitted: 0.
num_chunks_returned_to_freelist: 0.
num_chunks_taken_from_freelist: 241.
num_chunk_merges: 0.
num_chunk_splits: 170.
num_chunks_enlarged: 133.
num_inconsistent_stats: 0.

CodeHeap 'non-profiled nmethods': size=119168Kb used=259Kb max_used=259Kb free=118908Kb
 bounds [0x0000022f87ba0000, 0x0000022f87e10000, 0x0000022f8f000000]
CodeHeap 'profiled nmethods': size=119104Kb used=1422Kb max_used=1422Kb free=117681Kb
 bounds [0x0000022f80000000, 0x0000022f80270000, 0x0000022f87450000]
CodeHeap 'non-nmethods': size=7488Kb used=3395Kb max_used=3412Kb free=4092Kb
 bounds [0x0000022f87450000, 0x0000022f877b0000, 0x0000022f87ba0000]
 total_blobs=2000 nmethods=846 adapters=1064
 compilation: enabled
              stopped_count=0, restarted_count=0
 full_count=0

Compilation events (20 events):
Event: 0.465 Thread 0x0000022ffea033c0 nmethod 835 0x0000022f80160290 code [0x0000022f80160440, 0x0000022f80160838]
Event: 0.465 Thread 0x0000022fdd766de0 nmethod 834 0x0000022f80160910 code [0x0000022f80160ae0, 0x0000022f80160f38]
Event: 0.465 Thread 0x0000022ffea00900  837   !   4       java.util.zip.ZipFile$Source::getEntryPos (195 bytes)
Event: 0.465 Thread 0x0000022ffea3e480 nmethod 836 0x0000022f80161090 code [0x0000022f80161280, 0x0000022f801616b8]
Event: 0.469 Thread 0x0000022ffea3e480  839       3       java.net.URL::toString (5 bytes)
Event: 0.469 Thread 0x0000022ffea3e480 nmethod 839 0x0000022f80161890 code [0x0000022f80161a40, 0x0000022f80161c68]
Event: 0.471 Thread 0x0000022ffea3e480  840       3       java.security.CodeSource::getCertificates (98 bytes)
Event: 0.471 Thread 0x0000022ffea3e480 nmethod 840 0x0000022f80161d90 code [0x0000022f80162000, 0x0000022f80162bb8]
Event: 0.471 Thread 0x0000022ffea00900 nmethod 837 0x0000022f87bdd190 code [0x0000022f87bdd360, 0x0000022f87bddd58]
Event: 0.471 Thread 0x0000022ffea00900  838   !   4       java.util.zip.ZipFile::getEntry (59 bytes)
Event: 0.472 Thread 0x0000022ffea3e480  841       3       jdk.internal.access.SharedSecrets::javaUtilJarAccess (19 bytes)
Event: 0.472 Thread 0x0000022fdd7668c0  842  s    3       jdk.internal.loader.Resource::cachedInputStream (20 bytes)
Event: 0.472 Thread 0x0000022fdd7668c0 nmethod 842 0x0000022f80162e90 code [0x0000022f80163040, 0x0000022f80163368]
Event: 0.472 Thread 0x0000022ffea3e480 nmethod 841 0x0000022f80163410 code [0x0000022f80163600, 0x0000022f801639a8]
Event: 0.473 Thread 0x0000022fdd7668c0  844       1       java.util.jar.Manifest::getEntries (5 bytes)
Event: 0.473 Thread 0x0000022ffea3e480  845       1       java.util.jar.Manifest::getMainAttributes (5 bytes)
Event: 0.473 Thread 0x0000022fdd7668c0 nmethod 844 0x0000022f87bdeb10 code [0x0000022f87bdeca0, 0x0000022f87bded78]
Event: 0.473 Thread 0x0000022ffea3e480 nmethod 845 0x0000022f87bdee10 code [0x0000022f87bdefa0, 0x0000022f87bdf078]
Event: 0.473 Thread 0x0000022fdd766de0  846       1       java.util.zip.ZipEntry::getCrc (5 bytes)
Event: 0.474 Thread 0x0000022fdd766de0 nmethod 846 0x0000022f87bdf110 code [0x0000022f87bdf2a0, 0x0000022f87bdf378]

GC Heap History (0 events):
No events

Dll operation events (10 events):
Event: 0.005 Loaded shared library C:\Users\gongb\.jdks\corretto-17.0.13\bin\java.dll
Event: 0.013 Loaded shared library C:\Users\gongb\.jdks\corretto-17.0.13\bin\jsvml.dll
Event: 0.047 Loaded shared library C:\Users\gongb\.jdks\corretto-17.0.13\bin\net.dll
Event: 0.048 Loaded shared library C:\Users\gongb\.jdks\corretto-17.0.13\bin\nio.dll
Event: 0.052 Loaded shared library C:\Users\gongb\.jdks\corretto-17.0.13\bin\zip.dll
Event: 0.070 Loaded shared library C:\Users\gongb\.jdks\corretto-17.0.13\bin\verify.dll
Event: 0.078 Loaded shared library C:\Users\gongb\.jdks\corretto-17.0.13\bin\jimage.dll
Event: 0.122 Loaded shared library C:\Users\gongb\AppData\Local\Temp\lwjgl_gongb\3.3.6+1\x64\lwjgl.dll
Event: 0.288 Loaded shared library C:\Users\gongb\AppData\Local\Temp\lwjgl_gongb\3.3.6+1\x64\lwjgl_opengl.dll
Event: 0.336 Loaded shared library C:\Users\gongb\AppData\Local\Temp\lwjgl_gongb\3.3.6+1\x64\lwjgl_stb.dll

Deoptimization events (20 events):
Event: 0.292 Thread 0x0000022feb13c2a0 Uncommon trap: trap_request=0xffffff54 fr.pc=0x0000022f87bd5b60 relative=0x0000000000000060
Event: 0.292 Thread 0x0000022feb13c2a0 Uncommon trap: reason=speculate_null_assert action=make_not_entrant pc=0x0000022f87bd5b60 method=sun.misc.Unsafe.putLong(Ljava/lang/Object;JJ)V @ 7 c2
Event: 0.292 Thread 0x0000022feb13c2a0 DEOPT PACKING pc=0x0000022f87bd5b60 sp=0x000000f039dfefa0
Event: 0.292 Thread 0x0000022feb13c2a0 DEOPT UNPACKING pc=0x0000022f874aa1a3 sp=0x000000f039dfef18 mode 2
Event: 0.304 Thread 0x0000022feb13c2a0 Uncommon trap: trap_request=0xffffff54 fr.pc=0x0000022f87bd78dc relative=0x000000000000005c
Event: 0.304 Thread 0x0000022feb13c2a0 Uncommon trap: reason=speculate_null_assert action=make_not_entrant pc=0x0000022f87bd78dc method=sun.misc.Unsafe.getLong(Ljava/lang/Object;J)J @ 5 c2
Event: 0.304 Thread 0x0000022feb13c2a0 DEOPT PACKING pc=0x0000022f87bd78dc sp=0x000000f039dfedf0
Event: 0.304 Thread 0x0000022feb13c2a0 DEOPT UNPACKING pc=0x0000022f874aa1a3 sp=0x000000f039dfed78 mode 2
Event: 0.331 Thread 0x0000022feb13c2a0 Uncommon trap: trap_request=0xffffff6e fr.pc=0x0000022f87bd6640 relative=0x0000000000000420
Event: 0.331 Thread 0x0000022feb13c2a0 Uncommon trap: reason=loop_limit_check action=maybe_recompile pc=0x0000022f87bd6640 method=java.lang.StringLatin1.indexOf([BI[BII)I @ 37 c2
Event: 0.331 Thread 0x0000022feb13c2a0 DEOPT PACKING pc=0x0000022f87bd6640 sp=0x000000f039dfd6e0
Event: 0.331 Thread 0x0000022feb13c2a0 DEOPT UNPACKING pc=0x0000022f874aa1a3 sp=0x000000f039dfd640 mode 2
Event: 0.331 Thread 0x0000022feb13c2a0 Uncommon trap: trap_request=0xffffffde fr.pc=0x0000022f87bd97f8 relative=0x0000000000000438
Event: 0.331 Thread 0x0000022feb13c2a0 Uncommon trap: reason=class_check action=maybe_recompile pc=0x0000022f87bd97f8 method=java.util.HashMap.getNode(Ljava/lang/Object;)Ljava/util/HashMap$Node; @ 128 c2
Event: 0.331 Thread 0x0000022feb13c2a0 DEOPT PACKING pc=0x0000022f87bd97f8 sp=0x000000f039dfd3f0
Event: 0.331 Thread 0x0000022feb13c2a0 DEOPT UNPACKING pc=0x0000022f874aa1a3 sp=0x000000f039dfd308 mode 2
Event: 0.411 Thread 0x0000022feb13c2a0 Uncommon trap: trap_request=0xffffff45 fr.pc=0x0000022f87ba46f8 relative=0x0000000000000078
Event: 0.411 Thread 0x0000022feb13c2a0 Uncommon trap: reason=unstable_if action=reinterpret pc=0x0000022f87ba46f8 method=java.lang.String.isLatin1()Z @ 10 c2
Event: 0.411 Thread 0x0000022feb13c2a0 DEOPT PACKING pc=0x0000022f87ba46f8 sp=0x000000f039dfef40
Event: 0.411 Thread 0x0000022feb13c2a0 DEOPT UNPACKING pc=0x0000022f874aa1a3 sp=0x000000f039dfee80 mode 2

Classes loaded (20 events):
Event: 0.160 Loading class jdk/internal/reflect/UnsafeFieldAccessorFactory
Event: 0.160 Loading class jdk/internal/reflect/UnsafeFieldAccessorFactory done
Event: 0.160 Loading class jdk/internal/reflect/UnsafeQualifiedStaticObjectFieldAccessorImpl
Event: 0.160 Loading class jdk/internal/reflect/UnsafeQualifiedStaticFieldAccessorImpl
Event: 0.160 Loading class jdk/internal/reflect/UnsafeQualifiedStaticFieldAccessorImpl done
Event: 0.160 Loading class jdk/internal/reflect/UnsafeQualifiedStaticObjectFieldAccessorImpl done
Event: 0.160 Loading class java/util/function/LongPredicate
Event: 0.160 Loading class java/util/function/LongPredicate done
Event: 0.162 Loading class jdk/internal/access/foreign/MemorySegmentProxy
Event: 0.162 Loading class jdk/internal/access/foreign/MemorySegmentProxy done
Event: 0.167 Loading class jdk/internal/misc/ScopedMemoryAccess$Scope
Event: 0.167 Loading class jdk/internal/misc/ScopedMemoryAccess$Scope done
Event: 0.275 Loading class java/util/Formatter$FixedString
Event: 0.275 Loading class java/util/Formatter$FixedString done
Event: 0.276 Loading class java/nio/InvalidMarkException
Event: 0.276 Loading class java/nio/InvalidMarkException done
Event: 0.276 Loading class java/nio/BufferUnderflowException
Event: 0.276 Loading class java/nio/BufferUnderflowException done
Event: 0.437 Loading class java/lang/SecurityException
Event: 0.437 Loading class java/lang/SecurityException done

Classes unloaded (0 events):
No events

Classes redefined (0 events):
No events

Internal exceptions (20 events):
Event: 0.102 Thread 0x0000022feb13c2a0 Exception <a 'java/lang/NoSuchMethodError'{0x000000071ad87f88}: 'java.lang.Object java.lang.invoke.DirectMethodHandle$Holder.invokeStatic(java.lang.Object, java.lang.Object, int)'> (0x000000071ad87f88) 
thrown [s\src\hotspot\share\interpreter\linkResolver.cpp, line 759]
Event: 0.103 Thread 0x0000022feb13c2a0 Exception <a 'java/lang/NoSuchMethodError'{0x000000071ad93cf8}: 'void java.lang.invoke.DelegatingMethodHandle$Holder.delegate(java.lang.Object, java.lang.Object, int, java.lang.Object)'> (0x000000071ad93cf8) 
thrown [s\src\hotspot\share\interpreter\linkResolver.cpp, line 759]
Event: 0.103 Thread 0x0000022feb13c2a0 Exception <a 'java/lang/NoSuchMethodError'{0x000000071ad97f38}: 'int java.lang.invoke.DirectMethodHandle$Holder.invokeSpecial(java.lang.Object, java.lang.Object, java.lang.Object)'> (0x000000071ad97f38) 
thrown [s\src\hotspot\share\interpreter\linkResolver.cpp, line 759]
Event: 0.125 Thread 0x0000022feb13c2a0 Exception <a 'sun/nio/fs/WindowsException'{0x000000071aa39010}> (0x000000071aa39010) 
thrown [s\src\hotspot\share\prims\jni.cpp, line 516]
Event: 0.125 Thread 0x0000022feb13c2a0 Exception <a 'sun/nio/fs/WindowsException'{0x000000071aa39560}> (0x000000071aa39560) 
thrown [s\src\hotspot\share\prims\jni.cpp, line 516]
Event: 0.153 Thread 0x0000022feb13c2a0 Exception <a 'sun/nio/fs/WindowsException'{0x000000071ab176c0}> (0x000000071ab176c0) 
thrown [s\src\hotspot\share\prims\jni.cpp, line 516]
Event: 0.153 Thread 0x0000022feb13c2a0 Exception <a 'sun/nio/fs/WindowsException'{0x000000071ab17a20}> (0x000000071ab17a20) 
thrown [s\src\hotspot\share\prims\jni.cpp, line 516]
Event: 0.155 Thread 0x0000022feb13c2a0 Exception <a 'java/lang/NoSuchMethodError'{0x000000071ab466a8}: 'java.lang.Object java.lang.invoke.DirectMethodHandle$Holder.invokeStaticInit(java.lang.Object)'> (0x000000071ab466a8) 
thrown [s\src\hotspot\share\interpreter\linkResolver.cpp, line 759]
Event: 0.161 Thread 0x0000022feb13c2a0 Exception <a 'java/lang/NoSuchMethodError'{0x000000071abacc50}: 'int java.lang.invoke.DirectMethodHandle$Holder.invokeStaticInit(java.lang.Object, java.lang.Object, int, long)'> (0x000000071abacc50) 
thrown [s\src\hotspot\share\interpreter\linkResolver.cpp, line 759]
Event: 0.161 Thread 0x0000022feb13c2a0 Exception <a 'java/lang/NoSuchMethodError'{0x000000071abb27c0}: 'java.lang.Object java.lang.invoke.DirectMethodHandle$Holder.newInvokeSpecial(java.lang.Object, java.lang.Object, int)'> (0x000000071abb27c0) 
thrown [s\src\hotspot\share\interpreter\linkResolver.cpp, line 759]
Event: 0.162 Thread 0x0000022feb13c2a0 Exception <a 'java/lang/NoSuchMethodError'{0x000000071abc4120}: 'int java.lang.invoke.DirectMethodHandle$Holder.invokeStaticInit(java.lang.Object, java.lang.Object, long, long)'> (0x000000071abc4120) 
thrown [s\src\hotspot\share\interpreter\linkResolver.cpp, line 759]
Event: 0.163 Thread 0x0000022feb13c2a0 Exception <a 'java/lang/NoSuchMethodError'{0x000000071abca4d8}: 'java.lang.Object java.lang.invoke.DirectMethodHandle$Holder.newInvokeSpecial(java.lang.Object, java.lang.Object, long)'> (0x000000071abca4d8) 
thrown [s\src\hotspot\share\interpreter\linkResolver.cpp, line 759]
Event: 0.163 Thread 0x0000022feb13c2a0 Exception <a 'java/lang/NoSuchMethodError'{0x000000071abce7c8}: 'java.lang.Object java.lang.invoke.Invokers$Holder.linkToTargetMethod(java.lang.Object, long, java.lang.Object)'> (0x000000071abce7c8) 
thrown [s\src\hotspot\share\interpreter\linkResolver.cpp, line 759]
Event: 0.163 Thread 0x0000022feb13c2a0 Exception <a 'java/lang/NoSuchMethodError'{0x000000071abd5ee0}: 'int java.lang.invoke.DirectMethodHandle$Holder.invokeStaticInit(java.lang.Object, java.lang.Object, java.lang.Object, long)'> (0x000000071abd5ee0) 
thrown [s\src\hotspot\share\interpreter\linkResolver.cpp, line 759]
Event: 0.286 Thread 0x0000022feb13c2a0 Exception <a 'sun/nio/fs/WindowsException'{0x000000071a8ef7a0}> (0x000000071a8ef7a0) 
thrown [s\src\hotspot\share\prims\jni.cpp, line 516]
Event: 0.286 Thread 0x0000022feb13c2a0 Exception <a 'sun/nio/fs/WindowsException'{0x000000071a8efb40}> (0x000000071a8efb40) 
thrown [s\src\hotspot\share\prims\jni.cpp, line 516]
Event: 0.290 Thread 0x0000022feb13c2a0 Exception <a 'sun/nio/fs/WindowsException'{0x000000071a9013d0}> (0x000000071a9013d0) 
thrown [s\src\hotspot\share\prims\jni.cpp, line 516]
Event: 0.290 Thread 0x0000022feb13c2a0 Exception <a 'sun/nio/fs/WindowsException'{0x000000071a9016a0}> (0x000000071a9016a0) 
thrown [s\src\hotspot\share\prims\jni.cpp, line 516]
Event: 0.334 Thread 0x0000022feb13c2a0 Exception <a 'sun/nio/fs/WindowsException'{0x000000071a74bde0}> (0x000000071a74bde0) 
thrown [s\src\hotspot\share\prims\jni.cpp, line 516]
Event: 0.334 Thread 0x0000022feb13c2a0 Exception <a 'sun/nio/fs/WindowsException'{0x000000071a74c160}> (0x000000071a74c160) 
thrown [s\src\hotspot\share\prims\jni.cpp, line 516]

VM Operations (6 events):
Event: 0.052 Executing VM operation: HandshakeAllThreads
Event: 0.052 Executing VM operation: HandshakeAllThreads done
Event: 0.117 Executing VM operation: HandshakeAllThreads
Event: 0.117 Executing VM operation: HandshakeAllThreads done
Event: 0.133 Executing VM operation: HandshakeAllThreads
Event: 0.133 Executing VM operation: HandshakeAllThreads done

Memory protections (0 events):
No events

Nmethod flushes (0 events):
No events

Events (17 events):
Event: 0.014 Thread 0x0000022feb13c2a0 Thread added: 0x0000022feb13c2a0
Event: 0.015 Thread 0x0000022feb13c2a0 Thread added: 0x0000022ffe9e3380
Event: 0.015 Thread 0x0000022feb13c2a0 Thread added: 0x0000022ffe9e3d40
Event: 0.022 Thread 0x0000022feb13c2a0 Thread added: 0x0000022ffe9fded0
Event: 0.022 Thread 0x0000022feb13c2a0 Thread added: 0x0000022ffe9fe890
Event: 0.022 Thread 0x0000022feb13c2a0 Thread added: 0x0000022ffe9ff250
Event: 0.022 Thread 0x0000022feb13c2a0 Thread added: 0x0000022ffe9ffc10
Event: 0.022 Thread 0x0000022feb13c2a0 Thread added: 0x0000022ffea00900
Event: 0.022 Thread 0x0000022feb13c2a0 Thread added: 0x0000022ffea033c0
Event: 0.022 Thread 0x0000022feb13c2a0 Thread added: 0x0000022ffea04dd0
Event: 0.024 Thread 0x0000022ffea033c0 Thread added: 0x0000022ffea3e480
Event: 0.040 Thread 0x0000022feb13c2a0 Thread added: 0x0000022fff81b5d0
Event: 0.041 Thread 0x0000022feb13c2a0 Thread added: 0x0000022fff821f20
Event: 0.064 Thread 0x0000022ffea3e480 Thread added: 0x0000022fff894cf0
Event: 0.271 Thread 0x0000022fff894cf0 Thread exited: 0x0000022fff894cf0
Event: 0.289 Thread 0x0000022ffea3e480 Thread added: 0x0000022fdd7668c0
Event: 0.289 Thread 0x0000022ffea3e480 Thread added: 0x0000022fdd766de0


Dynamic libraries:
0x00007ff7e8650000 - 0x00007ff7e865e000 	C:\Users\gongb\.jdks\corretto-17.0.13\bin\java.exe
0x00007ffc13f40000 - 0x00007ffc141a3000 	C:\WINDOWS\SYSTEM32\ntdll.dll
0x00007ffc12440000 - 0x00007ffc12508000 	C:\WINDOWS\System32\KERNEL32.DLL
0x00007ffc11440000 - 0x00007ffc117f2000 	C:\WINDOWS\System32\KERNELBASE.dll
0x00007ffc11800000 - 0x00007ffc1194b000 	C:\WINDOWS\System32\ucrtbase.dll
0x00007ffbf3550000 - 0x00007ffbf3567000 	C:\Users\gongb\.jdks\corretto-17.0.13\bin\jli.dll
0x00007ffbf3850000 - 0x00007ffbf386b000 	C:\Users\gongb\.jdks\corretto-17.0.13\bin\VCRUNTIME140.dll
0x00007ffc128a0000 - 0x00007ffc12a68000 	C:\WINDOWS\System32\USER32.dll
0x00007ffc11cc0000 - 0x00007ffc11ce7000 	C:\WINDOWS\System32\win32u.dll
0x00007ffc13c00000 - 0x00007ffc13c2a000 	C:\WINDOWS\System32\GDI32.dll
0x00007ffc11310000 - 0x00007ffc1143b000 	C:\WINDOWS\System32\gdi32full.dll
0x00007ffc11cf0000 - 0x00007ffc11d93000 	C:\WINDOWS\System32\msvcp_win.dll
0x00007ffbfbed0000 - 0x00007ffbfc160000 	C:\WINDOWS\WinSxS\amd64_microsoft.windows.common-controls_6595b64144ccf1df_6.0.26100.2454_none_3e0b68a2e331ad60\COMCTL32.dll
0x00007ffc13b50000 - 0x00007ffc13bf9000 	C:\WINDOWS\System32\msvcrt.dll
0x00007ffc136c0000 - 0x00007ffc136ef000 	C:\WINDOWS\System32\IMM32.DLL
0x00007ffc01940000 - 0x00007ffc0194c000 	C:\Users\gongb\.jdks\corretto-17.0.13\bin\vcruntime140_1.dll
0x00007ffbc0100000 - 0x00007ffbc018d000 	C:\Users\gongb\.jdks\corretto-17.0.13\bin\msvcp140.dll
0x00007ffb70f10000 - 0x00007ffb71b7c000 	C:\Users\gongb\.jdks\corretto-17.0.13\bin\server\jvm.dll
0x00007ffc13830000 - 0x00007ffc138e4000 	C:\WINDOWS\System32\ADVAPI32.dll
0x00007ffc11de0000 - 0x00007ffc11e86000 	C:\WINDOWS\System32\sechost.dll
0x00007ffc13700000 - 0x00007ffc13816000 	C:\WINDOWS\System32\RPCRT4.dll
0x00007ffc13e30000 - 0x00007ffc13ea4000 	C:\WINDOWS\System32\WS2_32.dll
0x00007ffc078a0000 - 0x00007ffc078d6000 	C:\WINDOWS\SYSTEM32\WINMM.dll
0x00007ffc0ffe0000 - 0x00007ffc1002e000 	C:\WINDOWS\SYSTEM32\POWRPROF.dll
0x00007ffc09500000 - 0x00007ffc0950b000 	C:\WINDOWS\SYSTEM32\VERSION.dll
0x00007ffc0ffc0000 - 0x00007ffc0ffd4000 	C:\WINDOWS\SYSTEM32\UMPDC.dll
0x00007ffc10260000 - 0x00007ffc1027a000 	C:\WINDOWS\SYSTEM32\kernel.appcore.dll
0x00007ffbf8f40000 - 0x00007ffbf8f4a000 	C:\Users\gongb\.jdks\corretto-17.0.13\bin\jimage.dll
0x00007ffc0edc0000 - 0x00007ffc0f001000 	C:\WINDOWS\SYSTEM32\DBGHELP.DLL
0x00007ffc12510000 - 0x00007ffc1288e000 	C:\WINDOWS\System32\combase.dll
0x00007ffc13350000 - 0x00007ffc13426000 	C:\WINDOWS\System32\OLEAUT32.dll
0x00007ffbf44a0000 - 0x00007ffbf44d9000 	C:\WINDOWS\SYSTEM32\dbgcore.DLL
0x00007ffc11c20000 - 0x00007ffc11cb9000 	C:\WINDOWS\System32\bcryptPrimitives.dll
0x00007ffbe7a90000 - 0x00007ffbe7ab5000 	C:\Users\gongb\.jdks\corretto-17.0.13\bin\java.dll
0x00007ffbc0020000 - 0x00007ffbc00f7000 	C:\Users\gongb\.jdks\corretto-17.0.13\bin\jsvml.dll
0x00007ffc12a70000 - 0x00007ffc13170000 	C:\WINDOWS\System32\SHELL32.dll
0x00007ffc0f060000 - 0x00007ffc0f891000 	C:\WINDOWS\SYSTEM32\windows.storage.dll
0x00007ffc13c30000 - 0x00007ffc13d0a000 	C:\WINDOWS\System32\SHCORE.dll
0x00007ffc11f20000 - 0x00007ffc11f7d000 	C:\WINDOWS\System32\shlwapi.dll
0x00007ffc11220000 - 0x00007ffc1124e000 	C:\WINDOWS\SYSTEM32\profapi.dll
0x00007ffbe2b00000 - 0x00007ffbe2b19000 	C:\Users\gongb\.jdks\corretto-17.0.13\bin\net.dll
0x00007ffc0c4c0000 - 0x00007ffc0c5e6000 	C:\WINDOWS\SYSTEM32\WINHTTP.dll
0x00007ffc10760000 - 0x00007ffc107c8000 	C:\WINDOWS\system32\mswsock.dll
0x00007ffbe10d0000 - 0x00007ffbe10e6000 	C:\Users\gongb\.jdks\corretto-17.0.13\bin\nio.dll
0x00007ffbe06c0000 - 0x00007ffbe06d8000 	C:\Users\gongb\.jdks\corretto-17.0.13\bin\zip.dll
0x00007ffbf82d0000 - 0x00007ffbf82e0000 	C:\Users\gongb\.jdks\corretto-17.0.13\bin\verify.dll
0x00007ffbae480000 - 0x00007ffbae4fe000 	C:\Users\gongb\AppData\Local\Temp\lwjgl_gongb\3.3.6+1\x64\lwjgl.dll
0x00007ffba4370000 - 0x00007ffba43f9000 	C:\Users\gongb\AppData\Local\Temp\lwjgl_gongb\3.3.6+1\x64\glfw.dll
0x00007ffbc76b0000 - 0x00007ffbc76fb000 	C:\WINDOWS\SYSTEM32\dinput8.dll
0x00007ffbdd150000 - 0x00007ffbdd162000 	C:\WINDOWS\SYSTEM32\xinput1_4.dll
0x00007ffc10fa0000 - 0x00007ffc10fff000 	C:\WINDOWS\SYSTEM32\cfgmgr32.dll
0x00007ffc10f70000 - 0x00007ffc10f9d000 	C:\WINDOWS\SYSTEM32\DEVOBJ.dll
0x00007ffc0e5b0000 - 0x00007ffc0e5de000 	C:\WINDOWS\SYSTEM32\dwmapi.dll
0x00007ffbfe5f0000 - 0x00007ffbfe7cd000 	C:\WINDOWS\SYSTEM32\inputhost.dll
0x00007ffc09160000 - 0x00007ffc09285000 	C:\WINDOWS\SYSTEM32\CoreMessaging.dll
0x00007ffc0e270000 - 0x00007ffc0e31d000 	C:\WINDOWS\system32\uxtheme.dll
0x00007ffc10a20000 - 0x00007ffc10a2c000 	C:\WINDOWS\SYSTEM32\CRYPTBASE.DLL
0x00007ffc13970000 - 0x00007ffc13acc000 	C:\WINDOWS\System32\MSCTF.dll
0x00007ffb7e430000 - 0x00007ffb7e53c000 	C:\WINDOWS\SYSTEM32\opengl32.dll
0x00007ffbc7a10000 - 0x00007ffbc7a3d000 	C:\WINDOWS\SYSTEM32\GLU32.dll
0x00007ffc0e640000 - 0x00007ffc0e687000 	C:\WINDOWS\SYSTEM32\dxcore.dll
0x00007ffc0e400000 - 0x00007ffc0e45c000 	C:\WINDOWS\SYSTEM32\directxdatabasehelper.dll
0x00007ffbfd250000 - 0x00007ffbfd26a000 	C:\WINDOWS\SYSTEM32\windows.staterepositorycore.dll
0x00007ffb7c100000 - 0x00007ffb7c130000 	C:\WINDOWS\System32\DriverStore\FileRepository\u0408311.inf_amd64_a45aa4d629bd39ab\B408013\atig6pxx.dll
0x00007ffb77f30000 - 0x00007ffb7c0f5000 	C:\WINDOWS\System32\DriverStore\FileRepository\u0408311.inf_amd64_a45aa4d629bd39ab\B408013\atio6axx.dll
0x00007ffc11fa0000 - 0x00007ffc12426000 	C:\WINDOWS\System32\SETUPAPI.dll
0x00007ffc11950000 - 0x00007ffc119cf000 	C:\WINDOWS\System32\WINTRUST.dll
0x00007ffc11aa0000 - 0x00007ffc11c16000 	C:\WINDOWS\System32\CRYPT32.dll
0x00007ffc10a70000 - 0x00007ffc10a83000 	C:\WINDOWS\SYSTEM32\MSASN1.dll
0x00007ffc10c40000 - 0x00007ffc10c66000 	C:\WINDOWS\SYSTEM32\BCrypt.dll
0x00007ffc07830000 - 0x00007ffc07867000 	C:\WINDOWS\System32\DriverStore\FileRepository\u0408311.inf_amd64_a45aa4d629bd39ab\B408013\amdihk64.dll
0x00007ffbff010000 - 0x00007ffbff156000 	C:\WINDOWS\SYSTEM32\textinputframework.dll
0x00007ffba2730000 - 0x00007ffba278d000 	C:\Users\gongb\AppData\Local\Temp\lwjgl_gongb\3.3.6+1\x64\lwjgl_opengl.dll
0x00007ffba2690000 - 0x00007ffba2729000 	C:\Users\gongb\AppData\Local\Temp\lwjgl_gongb\3.3.6+1\x64\lwjgl_stb.dll

dbghelp: loaded successfully - version: 4.0.5 - missing functions: none
symbol engine: initialized successfully - sym options: 0x614 - pdb path: .;C:\Users\gongb\.jdks\corretto-17.0.13\bin;C:\WINDOWS\SYSTEM32;C:\WINDOWS\WinSxS\amd64_microsoft.windows.common-controls_6595b64144ccf1df_6.0.26100.2454_none_3e0b68a2e331ad60;C:\Users\gongb\.jdks\corretto-17.0.13\bin\server;C:\Users\gongb\AppData\Local\Temp\lwjgl_gongb\3.3.6+1\x64;C:\WINDOWS\System32\DriverStore\FileRepository\u0408311.inf_amd64_a45aa4d629bd39ab\B408013

VM Arguments:
jvm_args: -Dfile.encoding=UTF-8 -Duser.country=KR -Duser.language=ko -Duser.variant 
java_command: dev.sinoka.Main
java_class_path (initial): C:\Users\gongb\sfg\build\classes\java\main;C:\Users\gongb\sfg\build\resources\main;C:\Users\gongb\.gradle\caches\modules-2\files-2.1\org.lwjgl\lwjgl-assimp\3.3.6\931a8de55dd5ee546689119c85ed4d4af7fa68f2\lwjgl-assimp-3.3.6.jar;C:\Users\gongb\.gradle\caches\modules-2\files-2.1\org.lwjgl\lwjgl-assimp\3.3.6\486fa1e2db9fc903a0cab984604cef1a895b0e28\lwjgl-assimp-3.3.6-natives-windows.jar;C:\Users\gongb\.gradle\caches\modules-2\files-2.1\org.lwjgl\lwjgl-freetype\3.3.6\955989795ce6bdc7078d07590ee1ca0974b502d2\lwjgl-freetype-3.3.6.jar;C:\Users\gongb\.gradle\caches\modules-2\files-2.1\org.lwjgl\lwjgl-freetype\3.3.6\f5031e39ff70dae6d71288d2ef3cef435e4f1fe4\lwjgl-freetype-3.3.6-natives-windows.jar;C:\Users\gongb\.gradle\caches\modules-2\files-2.1\org.lwjgl\lwjgl-glfw\3.3.6\7119f7d0eeb1e5502ff0ca71d2b4d47317da015\lwjgl-glfw-3.3.6.jar;C:\Users\gongb\.gradle\caches\modules-2\files-2.1\org.lwjgl\lwjgl-glfw\3.3.6\99ef08056feb9627f90425a4d2a22cd9fae8e39b\lwjgl-glfw-3.3.6-natives-windows.jar;C:\Users\gongb\.gradle\caches\modules-2\files-2.1\org.lwjgl\lwjgl-libdivide\3.3.6\65553f77e225c627c2270a93cee00f3998060142\lwjgl-libdivide-3.3.6.jar;C:\Users\gongb\.gradle\caches\modules-2\files-2.1\org.lwjgl\lwjgl-libdivide\3.3.6\8d4aab11bcdbf18948ee99a4ebde04359a0d4ae4\lwjgl-libdivide-3.3.6-natives-windows.jar;C:\Users\gongb\.gradle\caches\modules-2\files-2.1\org.lwjgl\lwjgl-msdfgen\3.3.6\ee7739f1e8097e8bd3fd412f1eae225ab70c53a7\lwjgl-msdfgen-3.3.6.jar;C:\Users\gongb\.gradle\caches\modules-2\files-2.1\org.lwjgl\lwjgl-msdfgen\3.3.6\d53e09f80910507f2dc9d9df0c16ba5d047465a4\lwjgl-msdfgen-3.3.6-natives-windows.jar;C:\Users\gongb\.gradle\caches\modules-2\files-2.1\org.lwjgl\lwjgl-nuklear\3.3.6\a1fa66130955a3371cc2af58f268b90b033acbe6\lwjgl-nuklear-3.3.6.jar;C:\Users\gongb\.gradle\caches\modules-2\files-2.1\org.lwjgl\lwjgl-nuklear\3.3.6\c25f05065d7b13593e94bb3ce27d448ce8564650\lwjgl-nuklear-3.3.6-natives-windows.jar;C:\Users\gongb\.gradle\caches\modules-2\files-2.1\org.lwj
Launcher Type: SUN_STANDARD

[Global flags]
     intx CICompilerCount                          = 12                                        {product} {ergonomic}
     uint ConcGCThreads                            = 3                                         {product} {ergonomic}
     uint G1ConcRefinementThreads                  = 13                                        {product} {ergonomic}
   size_t G1HeapRegionSize                         = 2097152                                   {product} {ergonomic}
    uintx GCDrainStackTargetSize                   = 64                                        {product} {ergonomic}
   size_t InitialHeapSize                          = 257949696                                 {product} {ergonomic}
   size_t MarkStackSize                            = 4194304                                   {product} {ergonomic}
   size_t MaxHeapSize                              = 4097835008                                {product} {ergonomic}
   size_t MaxNewSize                               = 2457862144                                {product} {ergonomic}
   size_t MinHeapDeltaBytes                        = 2097152                                   {product} {ergonomic}
   size_t MinHeapSize                              = 8388608                                   {product} {ergonomic}
    uintx NonNMethodCodeHeapSize                   = 7602480                                {pd product} {ergonomic}
    uintx NonProfiledCodeHeapSize                  = 122027880                              {pd product} {ergonomic}
    uintx ProfiledCodeHeapSize                     = 122027880                              {pd product} {ergonomic}
    uintx ReservedCodeCacheSize                    = 251658240                              {pd product} {ergonomic}
     bool SegmentedCodeCache                       = true                                      {product} {ergonomic}
   size_t SoftMaxHeapSize                          = 4097835008                             {manageable} {ergonomic}
     bool UseCompressedClassPointers               = true                           {product lp64_product} {ergonomic}
     bool UseCompressedOops                        = true                           {product lp64_product} {ergonomic}
     bool UseG1GC                                  = true                                      {product} {ergonomic}
     bool UseLargePagesIndividualAllocation        = false                                  {pd product} {ergonomic}

Logging:
Log output configuration:
 #0: stdout all=warning uptime,level,tags
 #1: stderr all=off uptime,level,tags

Environment Variables:
CLASSPATH=C:\Users\gongb\sfg\\gradle\wrapper\gradle-wrapper.jar
PATH=C:\WINDOWS\system32;C:\WINDOWS;C:\WINDOWS\System32\Wbem;C:\WINDOWS\System32\WindowsPowerShell\v1.0\;C:\WINDOWS\System32\OpenSSH\;C:\ProgramData\chocolatey\bin;C:\Program Files\CMake\bin;C:\Program Files\Git\cmd;C:\Program Files\GitHub CLI\;C:\Program Files\nodejs\;C:\Program Files\Meson\;C:\Program Files\mingw64\bin;C:\Program Files\Go\bin;C:\Program Files\dotnet\;C:\gradle-8.12\bin;C:\Users\gongb\.jdks\corretto-17.0.13\bin;C:\Users\gongb\AppData\Local\Programs\Python\Python310\Scripts\;C:\Users\gongb\AppData\Local\Programs\Python\Python310\;C:\Users\gongb\AppData\Local\Microsoft\WindowsApps;C:\Users\gongb\AppData\Local\Programs\Microsoft VS Code\bin;C:\Users\gongb\AppData\Roaming\npm;C:\Users\gongb\go\bin;C:\Users\gongb\AppData\Local\Muse Hub\lib
USERNAME=gongb
OS=Windows_NT
PROCESSOR_IDENTIFIER=AMD64 Family 25 Model 117 Stepping 2, AuthenticAMD
TMP=C:\Users\gongb\AppData\Local\Temp
TEMP=C:\Users\gongb\AppData\Local\Temp



Periodic native trim disabled


---------------  S Y S T E M  ---------------

OS:
 Windows 11 , 64 bit Build 26100 (10.0.26100.2454)
OS uptime: 1 days 8:22 hours

CPU: total 16 (initial active 16) (16 cores per cpu, 2 threads per core) family 25 model 117 stepping 2 microcode 0xa705203, cx8, cmov, fxsr, ht, mmx, 3dnowpref, sse, sse2, sse3, ssse3, sse4a, sse4.1, sse4.2, popcnt, lzcnt, tsc, tscinvbit, avx, avx2, aes, erms, clmul, bmi1, bmi2, adx, avx512f, avx512dq, avx512cd, avx512bw, avx512vl, sha, fma, vzeroupper, avx512_vpopcntdq, avx512_vpclmulqdq, avx512_vaes, avx512_vnni, clflush, clflushopt, avx512_vbmi2, avx512_vbmi
Processor Information for all 16 processors :
  Max Mhz: 3801, Current Mhz: 3801, Mhz Limit: 3801

Memory: 4k page, system-wide physical 15627M (2838M free)
TotalPageFile size 41403M (AvailPageFile size 13301M)
current process WorkingSet (physical memory assigned to process): 149M, peak: 153M
current process commit charge ("private bytes"): 455M, peak: 464M

vm_info: OpenJDK 64-Bit Server VM (17.0.13+11-LTS) for windows-amd64 JRE (17.0.13+11-LTS), built on Oct 10 2024 19:51:30 by "Administrator" with MS VC++ 16.10 / 16.11 (VS2019)

END.
